<?xml version="1.0" encoding="UTF-8"?>
<!-- Generated by org.testng.reporters.JUnitXMLReporter -->
<testsuite ignored="2" hostname="QSP" failures="0" tests="2" name="Test" time="9.847" errors="0" timestamp="2022-01-19T08:01:22 IST">
  <testcase classname="com.Testyantra.Github.scripts.GetOperation" name="tc1" time="4.031"/>
  <testcase classname="com.Testyantra.Github.scripts.PostOperation" name="tc2" time="5.589"/>
  <testcase classname="com.Testyantra.Github.scripts.BaseClass" name="@BeforeSuite configBS" time="0.0">
    <ignored/>
  </testcase> <!-- @BeforeSuite configBS -->
  <testcase classname="com.Testyantra.Github.scripts.BaseClass" name="@AfterSuite configAS" time="0.0">
    <ignored/>
  </testcase> <!-- @AfterSuite configAS -->
</testsuite> <!-- Test -->
