<?xml version="1.0" encoding="UTF-8"?>
<testng-results ignored="2" total="4" passed="2" failed="0" skipped="0">
  <reporter-output>
    <line>
      <![CDATA[Get opertion is scussefull]]>
    </line>
    <line>
      <![CDATA[repro is created successfuly]]>
    </line>
    <line>
      <![CDATA[repro is been updated successfuly]]>
    </line>
    <line>
      <![CDATA[repro is deleted successfuly]]>
    </line>
  </reporter-output>
  <suite started-at="2022-01-19T08:01:12 IST" name="Suite" finished-at="2022-01-19T08:01:22 IST" duration-ms="9847">
    <groups>
    </groups>
    <test started-at="2022-01-19T08:01:12 IST" name="Test" finished-at="2022-01-19T08:01:22 IST" duration-ms="9847">
      <class name="com.Testyantra.Github.scripts.PostOperation">
        <test-method signature="tc2()[pri:0, instance:com.Testyantra.Github.scripts.PostOperation@36d585c]" started-at="2022-01-19T08:01:16 IST" name="tc2" finished-at="2022-01-19T08:01:22 IST" duration-ms="5589" status="PASS">
          <reporter-output>
            <line>
              <![CDATA[repro is created successfuly]]>
            </line>
            <line>
              <![CDATA[repro is been updated successfuly]]>
            </line>
            <line>
              <![CDATA[repro is deleted successfuly]]>
            </line>
          </reporter-output>
        </test-method> <!-- tc2 -->
      </class> <!-- com.Testyantra.Github.scripts.PostOperation -->
      <class name="com.Testyantra.Github.scripts.GetOperation">
        <test-method is-config="true" signature="configBS()[pri:0, instance:com.Testyantra.Github.scripts.GetOperation@69fb6037]" started-at="2022-01-19T08:01:09 IST" name="configBS" finished-at="2022-01-19T08:01:12 IST" duration-ms="2830" status="PASS">
          <reporter-output>
          </reporter-output>
        </test-method> <!-- configBS -->
        <test-method signature="tc1()[pri:0, instance:com.Testyantra.Github.scripts.GetOperation@69fb6037]" started-at="2022-01-19T08:01:12 IST" name="tc1" finished-at="2022-01-19T08:01:16 IST" duration-ms="4031" status="PASS">
          <reporter-output>
            <line>
              <![CDATA[Get opertion is scussefull]]>
            </line>
          </reporter-output>
        </test-method> <!-- tc1 -->
        <test-method is-config="true" signature="configAS()[pri:0, instance:com.Testyantra.Github.scripts.GetOperation@69fb6037]" started-at="2022-01-19T08:01:22 IST" name="configAS" finished-at="2022-01-19T08:01:22 IST" duration-ms="6" status="PASS">
          <reporter-output>
          </reporter-output>
        </test-method> <!-- configAS -->
      </class> <!-- com.Testyantra.Github.scripts.GetOperation -->
    </test> <!-- Test -->
  </suite> <!-- Suite -->
</testng-results>
